[2024/07/06 11:17:23 CST] [INFO] (icode.baidu.com/liyinjie/minispider/scheduler.(*Scheduler).Init:38) Scheduler init
[2024/07/06 11:17:23 CST] [INFO] (icode.baidu.com/liyinjie/minispider/scheduler.(*Scheduler).Start:64) Scheduler Start
[2024/07/06 11:17:23 CST] [INFO] (icode.baidu.com/liyinjie/minispider/scheduler.(*Scheduler).Processtask.func1.1:93) task http://www.sina.com.cn done
[2024/07/06 11:17:23 CST] [INFO] (icode.baidu.com/liyinjie/minispider/scheduler.(*Scheduler).Processtask.func1.1:93) task http://www.baidu.com done
[2024/07/06 11:17:23 CST] [EROR] (icode.baidu.com/liyinjie/minispider/scheduler.(*Scheduler).Processtask.func1:112) https://games.sina.com.cn/o/kb/12392.shtml: task.SaveData(): saver.SaveData(): ../output/https%3A%2F%2Fgames.sina.com.cn%2Fo%2Fkb%2F12392.shtml: os.OpenFile(): open ../output/https%3A%2F%2Fgames.sina.com.cn%2Fo%2Fkb%2F12392.shtml: no such file or directory
[2024/07/06 11:17:23 CST] [INFO] (icode.baidu.com/liyinjie/minispider/scheduler.(*Scheduler).Processtask.func1.1:93) task https://games.sina.com.cn/o/kb/12392.shtml done
[2024/07/06 11:17:23 CST] [INFO] (icode.baidu.com/liyinjie/minispider/scheduler.(*Scheduler).Processtask.func1.1:93) task https://c.weibo.cn/client/guide/download done
[2024/07/06 11:17:23 CST] [EROR] (icode.baidu.com/liyinjie/minispider/scheduler.(*Scheduler).Processtask.func1:112) https://so.sina.cn/palmnews/web-sinanews-app-download.d.html: task.SaveData(): saver.SaveData(): ../output/https%3A%2F%2Fso.sina.cn%2Fpalmnews%2Fweb-sinanews-app-download.d.html: os.OpenFile(): open ../output/https%3A%2F%2Fso.sina.cn%2Fpalmnews%2Fweb-sinanews-app-download.d.html: no such file or directory
[2024/07/06 11:17:23 CST] [INFO] (icode.baidu.com/liyinjie/minispider/scheduler.(*Scheduler).Processtask.func1.1:93) task https://so.sina.cn/palmnews/web-sinanews-app-download.d.html done
[2024/07/06 11:17:23 CST] [EROR] (icode.baidu.com/liyinjie/minispider/scheduler.(*Scheduler).Processtask.func1:112) https://m.sina.com.cn/m/sinasports.shtml: task.SaveData(): saver.SaveData(): ../output/https%3A%2F%2Fm.sina.com.cn%2Fm%2Fsinasports.shtml: os.OpenFile(): open ../output/https%3A%2F%2Fm.sina.com.cn%2Fm%2Fsinasports.shtml: no such file or directory
[2024/07/06 11:17:23 CST] [INFO] (icode.baidu.com/liyinjie/minispider/scheduler.(*Scheduler).Processtask.func1.1:93) task https://m.sina.com.cn/m/sinasports.shtml done
[2024/07/06 11:17:23 CST] [INFO] (icode.baidu.com/liyinjie/minispider/scheduler.(*Scheduler).Processtask.func1.1:93) task https://sina.cn/ done
[2024/07/06 11:17:24 CST] [INFO] (icode.baidu.com/liyinjie/minispider/scheduler.(*Scheduler).Processtask.func1.1:93) task https://weibo.com/ done
[2024/07/06 11:17:24 CST] [INFO] (icode.baidu.com/liyinjie/minispider/scheduler.(*Scheduler).Processtask.func1.1:93) task https://news.sina.com.cn/guide/ done
[2024/07/06 11:17:24 CST] [EROR] (icode.baidu.com/liyinjie/minispider/scheduler.(*Scheduler).Processtask.func1:112) https://finance.sina.com.cn/mobile/comfinanceweb.shtml: crawler.Crawl(): crawl timeout
[2024/07/06 11:17:24 CST] [INFO] (icode.baidu.com/liyinjie/minispider/scheduler.(*Scheduler).Processtask.func1.1:93) task https://finance.sina.com.cn/mobile/comfinanceweb.shtml done
[2024/07/06 11:17:24 CST] [EROR] (icode.baidu.com/liyinjie/minispider/scheduler.(*Scheduler).Processtask.func1:112) https://tousu.sina.com.cn/about_app/index?frompage=heimaopc: crawler.Crawl(): https://tousu.sina.com.cn/about_app/index?frompage=heimaopc: client.Do(): Get "https://tousu.sina.com.cn/about_app/index?frompage=heimaopc": context deadline exceeded (Client.Timeout exceeded while awaiting headers)
[2024/07/06 11:17:24 CST] [INFO] (icode.baidu.com/liyinjie/minispider/scheduler.(*Scheduler).Processtask.func1.1:93) task https://tousu.sina.com.cn/about_app/index?frompage=heimaopc done
[2024/07/06 11:17:24 CST] [EROR] (icode.baidu.com/liyinjie/minispider/scheduler.(*Scheduler).Processtask.func1:112) http://blog.sina.com.cn/lm/z/app/: crawler.Crawl(): http://blog.sina.com.cn/lm/z/app/: client.Do(): Get "http://blog.sina.com.cn/lm/z/app/": context deadline exceeded (Client.Timeout exceeded while awaiting headers)
[2024/07/06 11:17:24 CST] [INFO] (icode.baidu.com/liyinjie/minispider/scheduler.(*Scheduler).Processtask.func1.1:93) task http://blog.sina.com.cn/lm/z/app/ done
[2024/07/06 11:17:24 CST] [EROR] (icode.baidu.com/liyinjie/minispider/scheduler.(*Scheduler).Processtask.func1:112) https://mail.sina.com.cn/client/mobile/index.php?suda-key=mail_app&suda-value=login: crawler.Crawl(): crawl timeout
[2024/07/06 11:17:24 CST] [INFO] (icode.baidu.com/liyinjie/minispider/scheduler.(*Scheduler).Processtask.func1.1:93) task https://mail.sina.com.cn/client/mobile/index.php?suda-key=mail_app&suda-value=login done
[2024/07/06 11:17:24 CST] [EROR] (icode.baidu.com/liyinjie/minispider/scheduler.(*Scheduler).Processtask.func1:112) https://zhongce.sina.com.cn/about/app: crawler.Crawl(): crawl timeout
[2024/07/06 11:17:24 CST] [INFO] (icode.baidu.com/liyinjie/minispider/scheduler.(*Scheduler).Processtask.func1.1:93) task https://zhongce.sina.com.cn/about/app done
[2024/07/06 11:17:24 CST] [EROR] (icode.baidu.com/liyinjie/minispider/scheduler.(*Scheduler).Processtask.func1:112) https://www.12377.cn/node_548446.htm: task.SaveData(): saver.SaveData(): ../output/https%3A%2F%2Fwww.12377.cn%2Fnode_548446.htm: os.OpenFile(): open ../output/https%3A%2F%2Fwww.12377.cn%2Fnode_548446.htm: no such file or directory
[2024/07/06 11:17:24 CST] [EROR] (icode.baidu.com/liyinjie/minispider/scheduler.(*Scheduler).Processtask.func1:112) https://sinanews.sina.cn/h5/feedback_guide.html: task.SaveData(): saver.SaveData(): ../output/https%3A%2F%2Fsinanews.sina.cn%2Fh5%2Ffeedback_guide.html: os.OpenFile(): open ../output/https%3A%2F%2Fsinanews.sina.cn%2Fh5%2Ffeedback_guide.html: no such file or directory
[2024/07/06 11:17:24 CST] [INFO] (icode.baidu.com/liyinjie/minispider/scheduler.(*Scheduler).Processtask.func1.1:93) task https://www.12377.cn/node_548446.htm done
[2024/07/06 11:17:24 CST] [INFO] (icode.baidu.com/liyinjie/minispider/scheduler.(*Scheduler).Processtask.func1.1:93) task https://sinanews.sina.cn/h5/feedback_guide.html done
[2024/07/06 11:17:25 CST] [EROR] (icode.baidu.com/liyinjie/minispider/scheduler.(*Scheduler).Processtask.func1:112) http://www.sina.com.cn#jump0: parser.GetUrlList(): http://www.sina.com.cn#jump0: url.ParseRequestURL(): parse "http://www.sina.com.cn#jump0": invalid character "#" in host name
[2024/07/06 11:17:25 CST] [INFO] (icode.baidu.com/liyinjie/minispider/scheduler.(*Scheduler).Processtask.func1.1:93) task http://www.sina.com.cn#jump0 done
[2024/07/06 11:17:25 CST] [INFO] (icode.baidu.com/liyinjie/minispider/scheduler.(*Scheduler).Processtask.func1.1:93) task https://www.piyao.org.cn/ done
[2024/07/06 11:17:25 CST] [INFO] (icode.baidu.com/liyinjie/minispider/scheduler.(*Scheduler).Processtask.func1.1:93) task https://news.sina.com.cn/z/wljbxz/ done
[2024/07/06 11:17:25 CST] [INFO] (icode.baidu.com/liyinjie/minispider/scheduler.(*Scheduler).Processtask.func1.1:93) task https://mil.news.sina.com.cn/ done
[2024/07/06 11:17:25 CST] [EROR] (icode.baidu.com/liyinjie/minispider/scheduler.(*Scheduler).Processtask.func1:112) https://sina.com.cn/: crawler.Crawl(): crawl timeout
[2024/07/06 11:17:25 CST] [INFO] (icode.baidu.com/liyinjie/minispider/scheduler.(*Scheduler).Processtask.func1.1:93) task https://sina.com.cn/ done
[2024/07/06 11:17:25 CST] [INFO] (icode.baidu.com/liyinjie/minispider/scheduler.(*Scheduler).Processtask.func1.1:93) task https://finance.sina.com.cn/ done
[2024/07/06 11:17:25 CST] [EROR] (icode.baidu.com/liyinjie/minispider/scheduler.(*Scheduler).Processtask.func1:112) http://blog.sina.com.cn: crawler.Crawl(): crawl timeout
[2024/07/06 11:17:25 CST] [INFO] (icode.baidu.com/liyinjie/minispider/scheduler.(*Scheduler).Processtask.func1.1:93) task http://blog.sina.com.cn done
[2024/07/06 11:17:25 CST] [EROR] (icode.baidu.com/liyinjie/minispider/scheduler.(*Scheduler).Processtask.func1:112) https://mail.sina.com.cn: crawler.Crawl(): crawl timeout
[2024/07/06 11:17:25 CST] [INFO] (icode.baidu.com/liyinjie/minispider/scheduler.(*Scheduler).Processtask.func1.1:93) task https://mail.sina.com.cn done
[2024/07/06 11:17:25 CST] [INFO] (icode.baidu.com/liyinjie/minispider/scheduler.(*Scheduler).Processtask.func1.1:93) task https://www.12377.cn done
[2024/07/06 11:17:26 CST] [INFO] (icode.baidu.com/liyinjie/minispider/scheduler.(*Scheduler).Processtask.func1.1:93) task https://tech.sina.com.cn/ done
[2024/07/06 11:17:26 CST] [EROR] (icode.baidu.com/liyinjie/minispider/scheduler.(*Scheduler).Processtask.func1:112) https://news.sina.com.cn/pc/2014-10-30/326/3095.html: task.SaveData(): saver.SaveData(): ../output/https%3A%2F%2Fnews.sina.com.cn%2Fpc%2F2014-10-30%2F326%2F3095.html: os.OpenFile(): open ../output/https%3A%2F%2Fnews.sina.com.cn%2Fpc%2F2014-10-30%2F326%2F3095.html: no such file or directory
[2024/07/06 11:17:26 CST] [INFO] (icode.baidu.com/liyinjie/minispider/scheduler.(*Scheduler).Processtask.func1.1:93) task https://news.sina.com.cn/pc/2014-10-30/326/3095.html done
[2024/07/06 11:17:26 CST] [INFO] (icode.baidu.com/liyinjie/minispider/scheduler.(*Scheduler).Processtask.func1.1:93) task https://mobile.sina.com.cn/ done
[2024/07/06 11:17:26 CST] [INFO] (icode.baidu.com/liyinjie/minispider/scheduler.(*Scheduler).Processtask.func1.1:93) task https://zhongce.sina.com.cn/ done
[2024/07/06 11:17:26 CST] [INFO] (icode.baidu.com/liyinjie/minispider/scheduler.(*Scheduler).Processtask.func1.1:93) task https://sports.sina.com.cn/ done
[2024/07/06 11:17:26 CST] [INFO] (icode.baidu.com/liyinjie/minispider/scheduler.(*Scheduler).Processtask.func1.1:93) task https://finance.sina.com.cn/stock/ done
[2024/07/06 11:17:26 CST] [INFO] (icode.baidu.com/liyinjie/minispider/scheduler.(*Scheduler).Processtask.func1.1:93) task https://tech.sina.com.cn/chuangshiji/ done
[2024/07/06 11:17:27 CST] [INFO] (icode.baidu.com/liyinjie/minispider/scheduler.(*Scheduler).Processtask.func1.1:93) task https://news.sina.com.cn/ done
[2024/07/06 11:17:27 CST] [INFO] (icode.baidu.com/liyinjie/minispider/scheduler.(*Scheduler).Processtask.func1.1:93) task https://ent.sina.com.cn/ done
[2024/07/06 11:17:27 CST] [INFO] (icode.baidu.com/liyinjie/minispider/scheduler.(*Scheduler).Processtask.func1.1:93) task https://sports.sina.com.cn/nba/ done
[2024/07/06 11:17:27 CST] [INFO] (icode.baidu.com/liyinjie/minispider/scheduler.(*Scheduler).Processtask.func1.1:93) task https://eladies.sina.com.cn/ done
[2024/07/06 11:17:27 CST] [INFO] (icode.baidu.com/liyinjie/minispider/scheduler.(*Scheduler).Processtask.func1.1:93) task https://baby.sina.com.cn/ done
[2024/07/06 11:17:27 CST] [INFO] (icode.baidu.com/liyinjie/minispider/scheduler.(*Scheduler).Processtask.func1.1:93) task https://auto.sina.com.cn/ done
[2024/07/06 11:17:27 CST] [INFO] (icode.baidu.com/liyinjie/minispider/scheduler.(*Scheduler).Processtask.func1.1:93) task https://finance.sina.com.cn/fund/ done
